CRITICAL - 2020-09-24 09:12:30 --> Use of undefined constant pbw - assumed 'pbw' (this will throw an Error in a future version of PHP)
#0 D:\Data Fauzan\IPB TEKNIK KOMPUTER\Semester 5\Pemrograman Berbasis Web\app\app\Controllers\Mahasiswa.php(5): CodeIgniter\Debug\Exceptions->errorHandler(2, 'Use of undefine...', 'D:\\Data Fauzan\\...', 5, Array)
#1 D:\Data Fauzan\IPB TEKNIK KOMPUTER\Semester 5\Pemrograman Berbasis Web\app\vendor\codeigniter4\framework\system\CodeIgniter.php(918): App\Controllers\Mahasiswa->index()
#2 D:\Data Fauzan\IPB TEKNIK KOMPUTER\Semester 5\Pemrograman Berbasis Web\app\vendor\codeigniter4\framework\system\CodeIgniter.php(404): CodeIgniter\CodeIgniter->runController(Object(App\Controllers\Mahasiswa))
#3 D:\Data Fauzan\IPB TEKNIK KOMPUTER\Semester 5\Pemrograman Berbasis Web\app\vendor\codeigniter4\framework\system\CodeIgniter.php(312): CodeIgniter\CodeIgniter->handleRequest(NULL, Object(Config\Cache), false)
#4 D:\Data Fauzan\IPB TEKNIK KOMPUTER\Semester 5\Pemrograman Berbasis Web\app\public\index.php(45): CodeIgniter\CodeIgniter->run()
#5 D:\Data Fauzan\IPB TEKNIK KOMPUTER\Semester 5\Pemrograman Berbasis Web\app\vendor\codeigniter4\framework\system\Commands\Server\rewrite.php(34): require_once('D:\\Data Fauzan\\...')
#6 {main}
CRITICAL - 2020-09-24 09:12:45 --> Use of undefined constant pbw - assumed 'pbw' (this will throw an Error in a future version of PHP)
#0 D:\Data Fauzan\IPB TEKNIK KOMPUTER\Semester 5\Pemrograman Berbasis Web\app\app\Controllers\Mahasiswa.php(5): CodeIgniter\Debug\Exceptions->errorHandler(2, 'Use of undefine...', 'D:\\Data Fauzan\\...', 5, Array)
#1 D:\Data Fauzan\IPB TEKNIK KOMPUTER\Semester 5\Pemrograman Berbasis Web\app\vendor\codeigniter4\framework\system\CodeIgniter.php(918): App\Controllers\Mahasiswa->index()
#2 D:\Data Fauzan\IPB TEKNIK KOMPUTER\Semester 5\Pemrograman Berbasis Web\app\vendor\codeigniter4\framework\system\CodeIgniter.php(404): CodeIgniter\CodeIgniter->runController(Object(App\Controllers\Mahasiswa))
#3 D:\Data Fauzan\IPB TEKNIK KOMPUTER\Semester 5\Pemrograman Berbasis Web\app\vendor\codeigniter4\framework\system\CodeIgniter.php(312): CodeIgniter\CodeIgniter->handleRequest(NULL, Object(Config\Cache), false)
#4 D:\Data Fauzan\IPB TEKNIK KOMPUTER\Semester 5\Pemrograman Berbasis Web\app\public\index.php(45): CodeIgniter\CodeIgniter->run()
#5 D:\Data Fauzan\IPB TEKNIK KOMPUTER\Semester 5\Pemrograman Berbasis Web\app\vendor\codeigniter4\framework\system\Commands\Server\rewrite.php(34): require_once('D:\\Data Fauzan\\...')
#6 {main}
CRITICAL - 2020-09-24 09:12:52 --> syntax error, unexpected '/'
#0 D:\Data Fauzan\IPB TEKNIK KOMPUTER\Semester 5\Pemrograman Berbasis Web\app\vendor\codeigniter4\framework\system\Common.php(1119): CodeIgniter\View\View->render('hello', Array, true)
#1 D:\Data Fauzan\IPB TEKNIK KOMPUTER\Semester 5\Pemrograman Berbasis Web\app\app\Controllers\Mahasiswa.php(12): view('hello', Array)
#2 D:\Data Fauzan\IPB TEKNIK KOMPUTER\Semester 5\Pemrograman Berbasis Web\app\vendor\codeigniter4\framework\system\CodeIgniter.php(918): App\Controllers\Mahasiswa->ucapan()
#3 D:\Data Fauzan\IPB TEKNIK KOMPUTER\Semester 5\Pemrograman Berbasis Web\app\vendor\codeigniter4\framework\system\CodeIgniter.php(404): CodeIgniter\CodeIgniter->runController(Object(App\Controllers\Mahasiswa))
#4 D:\Data Fauzan\IPB TEKNIK KOMPUTER\Semester 5\Pemrograman Berbasis Web\app\vendor\codeigniter4\framework\system\CodeIgniter.php(312): CodeIgniter\CodeIgniter->handleRequest(NULL, Object(Config\Cache), false)
#5 D:\Data Fauzan\IPB TEKNIK KOMPUTER\Semester 5\Pemrograman Berbasis Web\app\public\index.php(45): CodeIgniter\CodeIgniter->run()
#6 D:\Data Fauzan\IPB TEKNIK KOMPUTER\Semester 5\Pemrograman Berbasis Web\app\vendor\codeigniter4\framework\system\Commands\Server\rewrite.php(34): require_once('D:\\Data Fauzan\\...')
#7 {main}
CRITICAL - 2020-09-24 09:14:14 --> Use of undefined constant pbw - assumed 'pbw' (this will throw an Error in a future version of PHP)
#0 D:\Data Fauzan\IPB TEKNIK KOMPUTER\Semester 5\Pemrograman Berbasis Web\app\app\Controllers\Mahasiswa.php(5): CodeIgniter\Debug\Exceptions->errorHandler(2, 'Use of undefine...', 'D:\\Data Fauzan\\...', 5, Array)
#1 D:\Data Fauzan\IPB TEKNIK KOMPUTER\Semester 5\Pemrograman Berbasis Web\app\vendor\codeigniter4\framework\system\CodeIgniter.php(918): App\Controllers\Mahasiswa->index()
#2 D:\Data Fauzan\IPB TEKNIK KOMPUTER\Semester 5\Pemrograman Berbasis Web\app\vendor\codeigniter4\framework\system\CodeIgniter.php(404): CodeIgniter\CodeIgniter->runController(Object(App\Controllers\Mahasiswa))
#3 D:\Data Fauzan\IPB TEKNIK KOMPUTER\Semester 5\Pemrograman Berbasis Web\app\vendor\codeigniter4\framework\system\CodeIgniter.php(312): CodeIgniter\CodeIgniter->handleRequest(NULL, Object(Config\Cache), false)
#4 D:\Data Fauzan\IPB TEKNIK KOMPUTER\Semester 5\Pemrograman Berbasis Web\app\public\index.php(45): CodeIgniter\CodeIgniter->run()
#5 D:\Data Fauzan\IPB TEKNIK KOMPUTER\Semester 5\Pemrograman Berbasis Web\app\vendor\codeigniter4\framework\system\Commands\Server\rewrite.php(34): require_once('D:\\Data Fauzan\\...')
#6 {main}
CRITICAL - 2020-09-24 09:15:49 --> Use of undefined constant pbw - assumed 'pbw' (this will throw an Error in a future version of PHP)
#0 D:\Data Fauzan\IPB TEKNIK KOMPUTER\Semester 5\Pemrograman Berbasis Web\app\app\Controllers\Mahasiswa.php(5): CodeIgniter\Debug\Exceptions->errorHandler(2, 'Use of undefine...', 'D:\\Data Fauzan\\...', 5, Array)
#1 D:\Data Fauzan\IPB TEKNIK KOMPUTER\Semester 5\Pemrograman Berbasis Web\app\vendor\codeigniter4\framework\system\CodeIgniter.php(918): App\Controllers\Mahasiswa->index()
#2 D:\Data Fauzan\IPB TEKNIK KOMPUTER\Semester 5\Pemrograman Berbasis Web\app\vendor\codeigniter4\framework\system\CodeIgniter.php(404): CodeIgniter\CodeIgniter->runController(Object(App\Controllers\Mahasiswa))
#3 D:\Data Fauzan\IPB TEKNIK KOMPUTER\Semester 5\Pemrograman Berbasis Web\app\vendor\codeigniter4\framework\system\CodeIgniter.php(312): CodeIgniter\CodeIgniter->handleRequest(NULL, Object(Config\Cache), false)
#4 D:\Data Fauzan\IPB TEKNIK KOMPUTER\Semester 5\Pemrograman Berbasis Web\app\public\index.php(45): CodeIgniter\CodeIgniter->run()
#5 D:\Data Fauzan\IPB TEKNIK KOMPUTER\Semester 5\Pemrograman Berbasis Web\app\vendor\codeigniter4\framework\system\Commands\Server\rewrite.php(34): require_once('D:\\Data Fauzan\\...')
#6 {main}
CRITICAL - 2020-09-24 09:16:56 --> Use of undefined constant pbw - assumed 'pbw' (this will throw an Error in a future version of PHP)
#0 D:\Data Fauzan\IPB TEKNIK KOMPUTER\Semester 5\Pemrograman Berbasis Web\app\app\Controllers\Mahasiswa.php(5): CodeIgniter\Debug\Exceptions->errorHandler(2, 'Use of undefine...', 'D:\\Data Fauzan\\...', 5, Array)
#1 D:\Data Fauzan\IPB TEKNIK KOMPUTER\Semester 5\Pemrograman Berbasis Web\app\vendor\codeigniter4\framework\system\CodeIgniter.php(918): App\Controllers\Mahasiswa->index()
#2 D:\Data Fauzan\IPB TEKNIK KOMPUTER\Semester 5\Pemrograman Berbasis Web\app\vendor\codeigniter4\framework\system\CodeIgniter.php(404): CodeIgniter\CodeIgniter->runController(Object(App\Controllers\Mahasiswa))
#3 D:\Data Fauzan\IPB TEKNIK KOMPUTER\Semester 5\Pemrograman Berbasis Web\app\vendor\codeigniter4\framework\system\CodeIgniter.php(312): CodeIgniter\CodeIgniter->handleRequest(NULL, Object(Config\Cache), false)
#4 D:\Data Fauzan\IPB TEKNIK KOMPUTER\Semester 5\Pemrograman Berbasis Web\app\public\index.php(45): CodeIgniter\CodeIgniter->run()
#5 D:\Data Fauzan\IPB TEKNIK KOMPUTER\Semester 5\Pemrograman Berbasis Web\app\vendor\codeigniter4\framework\system\Commands\Server\rewrite.php(34): require_once('D:\\Data Fauzan\\...')
#6 {main}
CRITICAL - 2020-09-24 09:16:59 --> syntax error, unexpected '/'
#0 D:\Data Fauzan\IPB TEKNIK KOMPUTER\Semester 5\Pemrograman Berbasis Web\app\vendor\codeigniter4\framework\system\Common.php(1119): CodeIgniter\View\View->render('hello', Array, true)
#1 D:\Data Fauzan\IPB TEKNIK KOMPUTER\Semester 5\Pemrograman Berbasis Web\app\app\Controllers\Mahasiswa.php(12): view('hello', Array)
#2 D:\Data Fauzan\IPB TEKNIK KOMPUTER\Semester 5\Pemrograman Berbasis Web\app\vendor\codeigniter4\framework\system\CodeIgniter.php(918): App\Controllers\Mahasiswa->ucapan()
#3 D:\Data Fauzan\IPB TEKNIK KOMPUTER\Semester 5\Pemrograman Berbasis Web\app\vendor\codeigniter4\framework\system\CodeIgniter.php(404): CodeIgniter\CodeIgniter->runController(Object(App\Controllers\Mahasiswa))
#4 D:\Data Fauzan\IPB TEKNIK KOMPUTER\Semester 5\Pemrograman Berbasis Web\app\vendor\codeigniter4\framework\system\CodeIgniter.php(312): CodeIgniter\CodeIgniter->handleRequest(NULL, Object(Config\Cache), false)
#5 D:\Data Fauzan\IPB TEKNIK KOMPUTER\Semester 5\Pemrograman Berbasis Web\app\public\index.php(45): CodeIgniter\CodeIgniter->run()
#6 D:\Data Fauzan\IPB TEKNIK KOMPUTER\Semester 5\Pemrograman Berbasis Web\app\vendor\codeigniter4\framework\system\Commands\Server\rewrite.php(34): require_once('D:\\Data Fauzan\\...')
#7 {main}
CRITICAL - 2020-09-24 09:19:35 --> syntax error, unexpected '/'
#0 D:\Data Fauzan\IPB TEKNIK KOMPUTER\Semester 5\Pemrograman Berbasis Web\app\vendor\codeigniter4\framework\system\Common.php(1119): CodeIgniter\View\View->render('hello', Array, true)
#1 D:\Data Fauzan\IPB TEKNIK KOMPUTER\Semester 5\Pemrograman Berbasis Web\app\app\Controllers\Mahasiswa.php(12): view('hello', Array)
#2 D:\Data Fauzan\IPB TEKNIK KOMPUTER\Semester 5\Pemrograman Berbasis Web\app\vendor\codeigniter4\framework\system\CodeIgniter.php(918): App\Controllers\Mahasiswa->ucapan()
#3 D:\Data Fauzan\IPB TEKNIK KOMPUTER\Semester 5\Pemrograman Berbasis Web\app\vendor\codeigniter4\framework\system\CodeIgniter.php(404): CodeIgniter\CodeIgniter->runController(Object(App\Controllers\Mahasiswa))
#4 D:\Data Fauzan\IPB TEKNIK KOMPUTER\Semester 5\Pemrograman Berbasis Web\app\vendor\codeigniter4\framework\system\CodeIgniter.php(312): CodeIgniter\CodeIgniter->handleRequest(NULL, Object(Config\Cache), false)
#5 D:\Data Fauzan\IPB TEKNIK KOMPUTER\Semester 5\Pemrograman Berbasis Web\app\public\index.php(45): CodeIgniter\CodeIgniter->run()
#6 D:\Data Fauzan\IPB TEKNIK KOMPUTER\Semester 5\Pemrograman Berbasis Web\app\vendor\codeigniter4\framework\system\Commands\Server\rewrite.php(34): require_once('D:\\Data Fauzan\\...')
#7 {main}
CRITICAL - 2020-09-24 09:20:16 --> syntax error, unexpected '/'
#0 D:\Data Fauzan\IPB TEKNIK KOMPUTER\Semester 5\Pemrograman Berbasis Web\app\vendor\codeigniter4\framework\system\Common.php(1119): CodeIgniter\View\View->render('hello', Array, true)
#1 D:\Data Fauzan\IPB TEKNIK KOMPUTER\Semester 5\Pemrograman Berbasis Web\app\app\Controllers\Mahasiswa.php(12): view('hello', Array)
#2 D:\Data Fauzan\IPB TEKNIK KOMPUTER\Semester 5\Pemrograman Berbasis Web\app\vendor\codeigniter4\framework\system\CodeIgniter.php(918): App\Controllers\Mahasiswa->ucapan()
#3 D:\Data Fauzan\IPB TEKNIK KOMPUTER\Semester 5\Pemrograman Berbasis Web\app\vendor\codeigniter4\framework\system\CodeIgniter.php(404): CodeIgniter\CodeIgniter->runController(Object(App\Controllers\Mahasiswa))
#4 D:\Data Fauzan\IPB TEKNIK KOMPUTER\Semester 5\Pemrograman Berbasis Web\app\vendor\codeigniter4\framework\system\CodeIgniter.php(312): CodeIgniter\CodeIgniter->handleRequest(NULL, Object(Config\Cache), false)
#5 D:\Data Fauzan\IPB TEKNIK KOMPUTER\Semester 5\Pemrograman Berbasis Web\app\public\index.php(45): CodeIgniter\CodeIgniter->run()
#6 D:\Data Fauzan\IPB TEKNIK KOMPUTER\Semester 5\Pemrograman Berbasis Web\app\vendor\codeigniter4\framework\system\Commands\Server\rewrite.php(34): require_once('D:\\Data Fauzan\\...')
#7 {main}
CRITICAL - 2020-09-24 09:20:58 --> Use of undefined constant pbw - assumed 'pbw' (this will throw an Error in a future version of PHP)
#0 D:\Data Fauzan\IPB TEKNIK KOMPUTER\Semester 5\Pemrograman Berbasis Web\app\app\Controllers\Mahasiswa.php(5): CodeIgniter\Debug\Exceptions->errorHandler(2, 'Use of undefine...', 'D:\\Data Fauzan\\...', 5, Array)
#1 D:\Data Fauzan\IPB TEKNIK KOMPUTER\Semester 5\Pemrograman Berbasis Web\app\vendor\codeigniter4\framework\system\CodeIgniter.php(918): App\Controllers\Mahasiswa->index()
#2 D:\Data Fauzan\IPB TEKNIK KOMPUTER\Semester 5\Pemrograman Berbasis Web\app\vendor\codeigniter4\framework\system\CodeIgniter.php(404): CodeIgniter\CodeIgniter->runController(Object(App\Controllers\Mahasiswa))
#3 D:\Data Fauzan\IPB TEKNIK KOMPUTER\Semester 5\Pemrograman Berbasis Web\app\vendor\codeigniter4\framework\system\CodeIgniter.php(312): CodeIgniter\CodeIgniter->handleRequest(NULL, Object(Config\Cache), false)
#4 D:\Data Fauzan\IPB TEKNIK KOMPUTER\Semester 5\Pemrograman Berbasis Web\app\public\index.php(45): CodeIgniter\CodeIgniter->run()
#5 D:\Data Fauzan\IPB TEKNIK KOMPUTER\Semester 5\Pemrograman Berbasis Web\app\vendor\codeigniter4\framework\system\Commands\Server\rewrite.php(34): require_once('D:\\Data Fauzan\\...')
#6 {main}
